2022-08-20T13:15:49.9248105 401 : [no body]
2022-08-20T13:26:45.2896263 I/O error on POST request for "http://localhost:8080/login": Connection refused: connect; nested exception is java.net.ConnectException: Connection refused: connect
2022-08-20T13:27:07.0775488 I/O error on POST request for "http://localhost:8080/login": Connection refused: connect; nested exception is java.net.ConnectException: Connection refused: connect
2022-08-20T13:27:21.9194554 I/O error on POST request for "http://localhost:8080/register": Connection refused: connect; nested exception is java.net.ConnectException: Connection refused: connect
2022-08-20T13:48:32.068619 400 : [{"timestamp":"2022-08-20T18:48:32.038+00:00","status":400,"error":"Bad Request","message":"Validation failed for object='transfer'. Error count: 2","errors":[{"codes":["Positive.transfer.accountFrom",... (908 bytes)]
2022-08-20T13:57:30.0896981 400 : [{"timestamp":"2022-08-20T18:57:30.061+00:00","status":400,"error":"Bad Request","message":"Validation failed for object='transfer'. Error count: 2","errors":[{"codes":["Positive.transfer.accountTo","P... (908 bytes)]
2022-08-20T13:59:23.5636947 400 : [{"timestamp":"2022-08-20T18:59:23.537+00:00","status":400,"error":"Bad Request","message":"Validation failed for object='transfer'. Error count: 2","errors":[{"codes":["Positive.transfer.accountTo","P... (908 bytes)]
2022-08-20T14:03:48.1275101 400 : [{"timestamp":"2022-08-20T19:03:48.111+00:00","status":400,"error":"Bad Request","message":"Validation failed for object='transfer'. Error count: 2","errors":[{"codes":["Positive.transfer.accountTo","P... (908 bytes)]
2022-08-20T14:11:30.5742512 400 : [{"timestamp":"2022-08-20T19:11:30.543+00:00","status":400,"error":"Bad Request","message":"Validation failed for object='transfer'. Error count: 2","errors":[{"codes":["Positive.transfer.accountFrom",... (908 bytes)]
2022-08-20T14:12:22.9469229 400 : [{"timestamp":"2022-08-20T19:12:22.930+00:00","status":400,"error":"Bad Request","message":"Validation failed for object='transfer'. Error count: 2","errors":[{"codes":["Positive.transfer.accountFrom",... (908 bytes)]
2022-08-20T14:13:35.1641147 401 : [no body]
2022-08-20T14:13:42.4340015 400 : [{"timestamp":"2022-08-20T19:13:42.428+00:00","status":400,"error":"Bad Request","message":"Validation failed for object='transfer'. Error count: 2","errors":[{"codes":["Positive.transfer.accountTo","P... (908 bytes)]
2022-08-20T14:18:44.9039291 I/O error on POST request for "http://localhost:8080/login": Connection refused: connect; nested exception is java.net.ConnectException: Connection refused: connect
2022-08-20T14:18:47.0407821 I/O error on POST request for "http://localhost:8080/login": Connection refused: connect; nested exception is java.net.ConnectException: Connection refused: connect
2022-08-20T14:19:24.6058838 500 : [{"timestamp":"2022-08-20T19:19:24.565+00:00","status":500,"error":"Internal Server Error","message":"PreparedStatementCallback; bad SQL grammar [INSERT INTO transfer(transfer_type_id, transfer_status_... (500 bytes)]
2022-08-20T14:22:28.8770606 500 : [{"timestamp":"2022-08-20T19:22:28.840+00:00","status":500,"error":"Internal Server Error","message":"PreparedStatementCallback; bad SQL grammar [INSERT INTO transfer(transfer_type_id, transfer_status_... (500 bytes)]
2022-08-20T14:25:51.3897991 500 : [{"timestamp":"2022-08-20T19:25:51.360+00:00","status":500,"error":"Internal Server Error","message":"PreparedStatementCallback; SQL [INSERT INTO transfer(transfer_type_id, transfer_status_id, account_... (688 bytes)]
2022-08-20T14:29:31.2312038 500 : [{"timestamp":"2022-08-20T19:29:31.207+00:00","status":500,"error":"Internal Server Error","message":"PreparedStatementCallback; bad SQL grammar [INSERT INTO transfer(transfer_type_id, transfer_status_... (500 bytes)]
2022-08-20T14:32:26.3451521 500 : [{"timestamp":"2022-08-20T19:32:26.319+00:00","status":500,"error":"Internal Server Error","message":"PreparedStatementCallback; bad SQL grammar [INSERT INTO transfer(transfer_type_id, transfer_status_... (500 bytes)]
2022-08-20T14:38:29.2174863 500 : [{"timestamp":"2022-08-20T19:38:29.199+00:00","status":500,"error":"Internal Server Error","message":"PreparedStatementCallback; bad SQL grammar [INSERT INTO transfer(transfer_type_id, transfer_status_... (500 bytes)]
2022-08-20T14:43:01.4909221 500 : [{"timestamp":"2022-08-20T19:43:01.462+00:00","status":500,"error":"Internal Server Error","message":"PreparedStatementCallback; bad SQL grammar [INSERT INTO transfer(transfer_type_id, transfer_status_... (500 bytes)]
2022-08-20T14:45:43.9212846 500 : [{"timestamp":"2022-08-20T19:45:43.892+00:00","status":500,"error":"Internal Server Error","message":"PreparedStatementCallback; bad SQL grammar [INSERT INTO transfer(transfer_type_id, transfer_status_... (500 bytes)]
2022-08-20T14:50:56.8795106 500 : [{"timestamp":"2022-08-20T19:50:56.849+00:00","status":500,"error":"Internal Server Error","message":"PreparedStatementCallback; bad SQL grammar [INSERT INTO transfer(transfer_type_id, transfer_status_... (500 bytes)]
2022-08-20T15:02:41.953634 500 : [{"timestamp":"2022-08-20T20:02:41.925+00:00","status":500,"error":"Internal Server Error","message":"PreparedStatementCallback; SQL [INSERT INTO transfer(transfer_type_id, transfer_status_id, account_... (440 bytes)]
2022-08-20T15:07:56.3298371 500 : [{"timestamp":"2022-08-20T20:07:56.300+00:00","status":500,"error":"Internal Server Error","message":"PreparedStatementCallback; bad SQL grammar [INSERT INTO transfer(transfer_type_id, transfer_status_... (500 bytes)]
2022-08-20T15:10:47.9112548 500 : [{"timestamp":"2022-08-20T20:10:47.879+00:00","status":500,"error":"Internal Server Error","message":"PreparedStatementCallback; bad SQL grammar [INSERT INTO transfer(transfer_type_id, transfer_status_... (500 bytes)]
2022-08-20T15:13:11.5714495 500 : [{"timestamp":"2022-08-20T20:13:11.543+00:00","status":500,"error":"Internal Server Error","message":"PreparedStatementCallback; bad SQL grammar [INSERT INTO transfer (transfer_type_id, transfer_status... (504 bytes)]
2022-08-20T15:14:24.3105167 500 : [{"timestamp":"2022-08-20T20:14:24.293+00:00","status":500,"error":"Internal Server Error","message":"PreparedStatementCallback; bad SQL grammar [INSERT INTO transfer (transfer_type_id, transfer_status... (504 bytes)]
2022-08-20T15:15:10.2594065 500 : [{"timestamp":"2022-08-20T20:15:10.240+00:00","status":500,"error":"Internal Server Error","message":"PreparedStatementCallback; bad SQL grammar [INSERT INTO transfer (transfer_type_id, transfer_status... (504 bytes)]
2022-08-20T15:16:38.3688316 500 : [{"timestamp":"2022-08-20T20:16:38.346+00:00","status":500,"error":"Internal Server Error","message":"PreparedStatementCallback; bad SQL grammar [INSERT INTO transfer (transfer_type_id, transfer_status... (513 bytes)]
2022-08-20T15:38:32.4314618 500 : [{"timestamp":"2022-08-20T20:38:32.403+00:00","status":500,"error":"Internal Server Error","message":"PreparedStatementCallback; bad SQL grammar []; nested exception is org.postgresql.util.PSQLException: ERROR: INSERT has more expressions than target columns\n  Position: 128","path":"/transfer"}]
2022-08-20T15:39:52.0786562 500 : [{"timestamp":"2022-08-20T20:39:52.045+00:00","status":500,"error":"Internal Server Error","message":"The getKey method should only be used when a single key is returned.  The current key entry contains multiple keys: [{transfer_id=3009, transfer_type_id=1, transfer_status_id=2, account_from=2005, account_to=2003, amount=200.00}]","path":"/transfer"}]
